{"/home/emamartins12/GIT/DS/javascript/sum.js": {"path":"/home/emamartins12/GIT/DS/javascript/sum.js","statementMap":{"0":{"start":{"line":2,"column":4},"end":{"line":2,"column":16}},"1":{"start":{"line":5,"column":0},"end":{"line":5,"column":20}}},"fnMap":{"0":{"name":"sum","decl":{"start":{"line":1,"column":9},"end":{"line":1,"column":12}},"loc":{"start":{"line":1,"column":19},"end":{"line":3,"column":1}},"line":1}},"branchMap":{},"s":{"0":1,"1":1},"f":{"0":1},"b":{},"_coverageSchema":"1a1c01bbd47fc00a2c39e90264f33305004495a9","hash":"0a5357f0dead3bd94fb401a59df6e63ff6e399c1"}
,"/home/emamartins12/GIT/DS/javascript/.stryker-tmp/sandbox3460638/sum.js": {"path":"/home/emamartins12/GIT/DS/javascript/.stryker-tmp/sandbox3460638/sum.js","statementMap":{"0":{"start":{"line":3,"column":10},"end":{"line":3,"column":129}},"1":{"start":{"line":4,"column":11},"end":{"line":4,"column":48}},"2":{"start":{"line":5,"column":2},"end":{"line":7,"column":3}},"3":{"start":{"line":6,"column":4},"end":{"line":6,"column":62}},"4":{"start":{"line":9,"column":4},"end":{"line":9,"column":14}},"5":{"start":{"line":11,"column":2},"end":{"line":11,"column":28}},"6":{"start":{"line":12,"column":2},"end":{"line":12,"column":22}},"7":{"start":{"line":14,"column":0},"end":{"line":14,"column":15}},"8":{"start":{"line":16,"column":11},"end":{"line":16,"column":25}},"9":{"start":{"line":17,"column":12},"end":{"line":20,"column":4}},"10":{"start":{"line":22,"column":12},"end":{"line":22,"column":22}},"11":{"start":{"line":23,"column":4},"end":{"line":25,"column":5}},"12":{"start":{"line":24,"column":6},"end":{"line":24,"column":78}},"13":{"start":{"line":26,"column":12},"end":{"line":26,"column":21}},"14":{"start":{"line":27,"column":4},"end":{"line":29,"column":5}},"15":{"start":{"line":27,"column":17},"end":{"line":27,"column":18}},"16":{"start":{"line":28,"column":6},"end":{"line":28,"column":35}},"17":{"start":{"line":31,"column":2},"end":{"line":31,"column":24}},"18":{"start":{"line":32,"column":2},"end":{"line":32,"column":31}},"19":{"start":{"line":35,"column":11},"end":{"line":35,"column":25}},"20":{"start":{"line":37,"column":4},"end":{"line":42,"column":5}},"21":{"start":{"line":38,"column":6},"end":{"line":40,"column":7}},"22":{"start":{"line":39,"column":8},"end":{"line":39,"column":82}},"23":{"start":{"line":41,"column":6},"end":{"line":41,"column":18}},"24":{"start":{"line":43,"column":4},"end":{"line":43,"column":17}},"25":{"start":{"line":45,"column":2},"end":{"line":45,"column":30}},"26":{"start":{"line":46,"column":2},"end":{"line":46,"column":22}},"27":{"start":{"line":49,"column":2},"end":{"line":54,"column":3}},"28":{"start":{"line":52,"column":4},"end":{"line":52,"column":24}},"29":{"start":{"line":53,"column":4},"end":{"line":53,"column":73}},"30":{"start":{"line":56,"column":0},"end":{"line":56,"column":21}}},"fnMap":{"0":{"name":"stryNS_9fa48","decl":{"start":{"line":2,"column":9},"end":{"line":2,"column":21}},"loc":{"start":{"line":2,"column":24},"end":{"line":13,"column":1}},"line":2},"1":{"name":"retrieveNS","decl":{"start":{"line":8,"column":11},"end":{"line":8,"column":21}},"loc":{"start":{"line":8,"column":24},"end":{"line":10,"column":3}},"line":8},"2":{"name":"stryCov_9fa48","decl":{"start":{"line":15,"column":9},"end":{"line":15,"column":22}},"loc":{"start":{"line":15,"column":25},"end":{"line":33,"column":1}},"line":15},"3":{"name":"cover","decl":{"start":{"line":21,"column":11},"end":{"line":21,"column":16}},"loc":{"start":{"line":21,"column":19},"end":{"line":30,"column":3}},"line":21},"4":{"name":"stryMutAct_9fa48","decl":{"start":{"line":34,"column":9},"end":{"line":34,"column":25}},"loc":{"start":{"line":34,"column":30},"end":{"line":47,"column":1}},"line":34},"5":{"name":"isActive","decl":{"start":{"line":36,"column":11},"end":{"line":36,"column":19}},"loc":{"start":{"line":36,"column":24},"end":{"line":44,"column":3}},"line":36},"6":{"name":"sum","decl":{"start":{"line":48,"column":9},"end":{"line":48,"column":12}},"loc":{"start":{"line":48,"column":19},"end":{"line":55,"column":1}},"line":48}},"branchMap":{"0":{"loc":{"start":{"line":3,"column":10},"end":{"line":3,"column":129}},"type":"binary-expr","locations":[{"start":{"line":3,"column":10},"end":{"line":3,"column":40}},{"start":{"line":3,"column":44},"end":{"line":3,"column":54}},{"start":{"line":3,"column":58},"end":{"line":3,"column":82}},{"start":{"line":3,"column":86},"end":{"line":3,"column":96}},{"start":{"line":3,"column":100},"end":{"line":3,"column":129}}],"line":3},"1":{"loc":{"start":{"line":4,"column":11},"end":{"line":4,"column":48}},"type":"binary-expr","locations":[{"start":{"line":4,"column":11},"end":{"line":4,"column":24}},{"start":{"line":4,"column":29},"end":{"line":4,"column":47}}],"line":4},"2":{"loc":{"start":{"line":5,"column":2},"end":{"line":7,"column":3}},"type":"if","locations":[{"start":{"line":5,"column":2},"end":{"line":7,"column":3}},{"start":{},"end":{}}],"line":5},"3":{"loc":{"start":{"line":5,"column":6},"end":{"line":5,"column":108}},"type":"binary-expr","locations":[{"start":{"line":5,"column":6},"end":{"line":5,"column":35}},{"start":{"line":5,"column":39},"end":{"line":5,"column":48}},{"start":{"line":5,"column":52},"end":{"line":5,"column":65}},{"start":{"line":5,"column":69},"end":{"line":5,"column":108}}],"line":5},"4":{"loc":{"start":{"line":17,"column":12},"end":{"line":20,"column":4}},"type":"binary-expr","locations":[{"start":{"line":17,"column":12},"end":{"line":17,"column":29}},{"start":{"line":17,"column":34},"end":{"line":20,"column":3}}],"line":17},"5":{"loc":{"start":{"line":23,"column":4},"end":{"line":25,"column":5}},"type":"if","locations":[{"start":{"line":23,"column":4},"end":{"line":25,"column":5}},{"start":{},"end":{}}],"line":23},"6":{"loc":{"start":{"line":24,"column":42},"end":{"line":24,"column":77}},"type":"binary-expr","locations":[{"start":{"line":24,"column":42},"end":{"line":24,"column":71}},{"start":{"line":24,"column":75},"end":{"line":24,"column":77}}],"line":24},"7":{"loc":{"start":{"line":28,"column":17},"end":{"line":28,"column":29}},"type":"binary-expr","locations":[{"start":{"line":28,"column":17},"end":{"line":28,"column":24}},{"start":{"line":28,"column":28},"end":{"line":28,"column":29}}],"line":28},"8":{"loc":{"start":{"line":37,"column":4},"end":{"line":42,"column":5}},"type":"if","locations":[{"start":{"line":37,"column":4},"end":{"line":42,"column":5}},{"start":{},"end":{}}],"line":37},"9":{"loc":{"start":{"line":38,"column":6},"end":{"line":40,"column":7}},"type":"if","locations":[{"start":{"line":38,"column":6},"end":{"line":40,"column":7}},{"start":{},"end":{}}],"line":38},"10":{"loc":{"start":{"line":38,"column":10},"end":{"line":38,"column":63}},"type":"binary-expr","locations":[{"start":{"line":38,"column":10},"end":{"line":38,"column":32}},{"start":{"line":38,"column":36},"end":{"line":38,"column":63}}],"line":38},"11":{"loc":{"start":{"line":49,"column":2},"end":{"line":54,"column":3}},"type":"if","locations":[{"start":{"line":49,"column":2},"end":{"line":54,"column":3}},{"start":{"line":51,"column":9},"end":{"line":54,"column":3}}],"line":49},"12":{"loc":{"start":{"line":53,"column":11},"end":{"line":53,"column":72}},"type":"cond-expr","locations":[{"start":{"line":53,"column":36},"end":{"line":53,"column":41}},{"start":{"line":53,"column":45},"end":{"line":53,"column":71}}],"line":53}},"s":{"0":1,"1":1,"2":1,"3":0,"4":3,"5":1,"6":1,"7":1,"8":1,"9":1,"10":2,"11":2,"12":0,"13":2,"14":2,"15":2,"16":2,"17":1,"18":1,"19":1,"20":2,"21":0,"22":0,"23":0,"24":2,"25":1,"26":1,"27":1,"28":1,"29":1,"30":1},"f":{"0":1,"1":3,"2":1,"3":2,"4":1,"5":2,"6":1},"b":{"0":[1,1,1,1,0],"1":[1,1],"2":[0,1],"3":[1,1,1,1],"4":[1,1],"5":[0,2],"6":[0,0],"7":[2,2],"8":[0,2],"9":[0,0],"10":[0,0],"11":[0,1],"12":[0,1]},"_coverageSchema":"1a1c01bbd47fc00a2c39e90264f33305004495a9","hash":"304907e6158f72b5cf8cfb21be91c21fc6e9f35e"}
}
