TN:
SF:sum.js
FN:1,sum
FNF:1
FNH:1
FNDA:1,sum
DA:2,1
DA:5,1
LF:2
LH:2
BRF:0
BRH:0
end_of_record
TN:
SF:.stryker-tmp/sandbox3460638/sum.js
FN:2,stryNS_9fa48
FN:8,retrieveNS
FN:15,stryCov_9fa48
FN:21,cover
FN:34,stryMutAct_9fa48
FN:36,isActive
FN:48,sum
FNF:7
FNH:7
FNDA:1,stryNS_9fa48
FNDA:3,retrieveNS
FNDA:1,stryCov_9fa48
FNDA:2,cover
FNDA:1,stryMutAct_9fa48
FNDA:2,isActive
FNDA:1,sum
DA:3,1
DA:4,1
DA:5,1
DA:6,0
DA:9,3
DA:11,1
DA:12,1
DA:14,1
DA:16,1
DA:17,1
DA:22,2
DA:23,2
DA:24,0
DA:26,2
DA:27,2
DA:28,2
DA:31,1
DA:32,1
DA:35,1
DA:37,2
DA:38,0
DA:39,0
DA:41,0
DA:43,2
DA:45,1
DA:46,1
DA:49,1
DA:52,1
DA:53,1
DA:56,1
LF:30
LH:25
BRDA:3,0,0,1
BRDA:3,0,1,1
BRDA:3,0,2,1
BRDA:3,0,3,1
BRDA:3,0,4,0
BRDA:4,1,0,1
BRDA:4,1,1,1
BRDA:5,2,0,0
BRDA:5,2,1,1
BRDA:5,3,0,1
BRDA:5,3,1,1
BRDA:5,3,2,1
BRDA:5,3,3,1
BRDA:17,4,0,1
BRDA:17,4,1,1
BRDA:23,5,0,0
BRDA:23,5,1,2
BRDA:24,6,0,0
BRDA:24,6,1,0
BRDA:28,7,0,2
BRDA:28,7,1,2
BRDA:37,8,0,0
BRDA:37,8,1,2
BRDA:38,9,0,0
BRDA:38,9,1,0
BRDA:38,10,0,0
BRDA:38,10,1,0
BRDA:49,11,0,0
BRDA:49,11,1,1
BRDA:53,12,0,0
BRDA:53,12,1,1
BRF:31
BRH:19
end_of_record
